# JRE version: OpenJDK Runtime Environment Microsoft-11926163 (17.0.16+8) (build 17.0.16+8-LTS)
# Java VM: OpenJDK 64-Bit Server VM Microsoft-11926163 (17.0.16+8-LTS, mixed mode, sharing, tiered, compressed oops, compressed class ptrs, g1 gc, windows-amd64)
GC Precious Log:
 CPUs: 12 total, 12 available
 Memory: 16092M
 Large Page Support: Disabled
 NUMA Support: Disabled
 Compressed Oops: Enabled (Zero based)
 Heap Region Size: 2M
 Heap Min Capacity: 8M
 Heap Initial Capacity: 252M
 Heap Max Capacity: 4024M
 Pre-touch: Disabled
 Parallel Workers: 10
 Concurrent Workers: 3
 Concurrent Refinement Workers: 10
 Periodic GC: Disabled
Heap:
 garbage-first heap   total 335872K, used 106178K [0x0000000704800000, 0x0000000800000000)
  region size 2048K, 3 young (6144K), 1 survivors (2048K)
 Metaspace       used 58289K, committed 58560K, reserved 1114112K
  class space    used 6417K, committed 6528K, reserved 1048576K
GC Heap History (20 events):
Event: 39.529 GC heap before
{Heap before GC invocations=19 (full 0):
 garbage-first heap   total 153600K, used 87604K [0x0000000704800000, 0x0000000800000000)
  region size 2048K, 4 young (8192K), 3 survivors (6144K)
 Metaspace       used 55840K, committed 56128K, reserved 1114112K
  class space    used 6257K, committed 6400K, reserved 1048576K
}
Event: 39.556 GC heap after
{Heap after GC invocations=20 (full 0):
 garbage-first heap   total 153600K, used 85981K [0x0000000704800000, 0x0000000800000000)
  region size 2048K, 1 young (2048K), 1 survivors (2048K)
 Metaspace       used 55840K, committed 56128K, reserved 1114112K
  class space    used 6257K, committed 6400K, reserved 1048576K
}
Event: 42.974 GC heap before
{Heap before GC invocations=20 (full 0):
 garbage-first heap   total 153600K, used 116701K [0x0000000704800000, 0x0000000800000000)
  region size 2048K, 16 young (32768K), 1 survivors (2048K)
 Metaspace       used 56518K, committed 56832K, reserved 1114112K
  class space    used 6325K, committed 6464K, reserved 1048576K
}
Event: 42.992 GC heap after
{Heap after GC invocations=21 (full 0):
 garbage-first heap   total 153600K, used 88201K [0x0000000704800000, 0x0000000800000000)
  region size 2048K, 2 young (4096K), 2 survivors (4096K)
 Metaspace       used 56518K, committed 56832K, reserved 1114112K
  class space    used 6325K, committed 6464K, reserved 1048576K
}
Event: 46.168 GC heap before
{Heap before GC invocations=22 (full 0):
 garbage-first heap   total 153600K, used 118921K [0x0000000704800000, 0x0000000800000000)
  region size 2048K, 17 young (34816K), 2 survivors (4096K)
 Metaspace       used 56911K, committed 57216K, reserved 1114112K
  class space    used 6335K, committed 6464K, reserved 1048576K
}
Event: 46.190 GC heap after
{Heap after GC invocations=23 (full 0):
 garbage-first heap   total 153600K, used 91064K [0x0000000704800000, 0x0000000800000000)
  region size 2048K, 3 young (6144K), 3 survivors (6144K)
 Metaspace       used 56911K, committed 57216K, reserved 1114112K
  class space    used 6335K, committed 6464K, reserved 1048576K
}
Event: 46.283 GC heap before
{Heap before GC invocations=23 (full 0):
 garbage-first heap   total 153600K, used 93112K [0x0000000704800000, 0x0000000800000000)
  region size 2048K, 4 young (8192K), 3 survivors (6144K)
 Metaspace       used 56923K, committed 57216K, reserved 1114112K
  class space    used 6335K, committed 6464K, reserved 1048576K
}
Event: 46.309 GC heap after
{Heap after GC invocations=24 (full 0):
 garbage-first heap   total 153600K, used 90954K [0x0000000704800000, 0x0000000800000000)
  region size 2048K, 1 young (2048K), 1 survivors (2048K)
 Metaspace       used 56923K, committed 57216K, reserved 1114112K
  class space    used 6335K, committed 6464K, reserved 1048576K
}
Event: 48.112 GC heap before
{Heap before GC invocations=24 (full 0):
 garbage-first heap   total 153600K, used 119626K [0x0000000704800000, 0x0000000800000000)
  region size 2048K, 15 young (30720K), 1 survivors (2048K)
 Metaspace       used 57250K, committed 57536K, reserved 1114112K
  class space    used 6340K, committed 6464K, reserved 1048576K
}
Event: 48.127 GC heap after
{Heap after GC invocations=25 (full 0):
 garbage-first heap   total 153600K, used 95081K [0x0000000704800000, 0x0000000800000000)
  region size 2048K, 2 young (4096K), 2 survivors (4096K)
 Metaspace       used 57250K, committed 57536K, reserved 1114112K
  class space    used 6340K, committed 6464K, reserved 1048576K
}
Event: 50.099 GC heap before
{Heap before GC invocations=26 (full 0):
 garbage-first heap   total 167936K, used 121705K [0x0000000704800000, 0x0000000800000000)
  region size 2048K, 15 young (30720K), 2 survivors (4096K)
 Metaspace       used 57633K, committed 57984K, reserved 1114112K
  class space    used 6363K, committed 6528K, reserved 1048576K
}
Event: 50.119 GC heap after
{Heap after GC invocations=27 (full 0):
 garbage-first heap   total 167936K, used 97443K [0x0000000704800000, 0x0000000800000000)
  region size 2048K, 2 young (4096K), 2 survivors (4096K)
 Metaspace       used 57633K, committed 57984K, reserved 1114112K
  class space    used 6363K, committed 6528K, reserved 1048576K
}
Event: 50.374 GC heap before
{Heap before GC invocations=27 (full 0):
 garbage-first heap   total 167936K, used 101539K [0x0000000704800000, 0x0000000800000000)
  region size 2048K, 4 young (8192K), 2 survivors (4096K)
 Metaspace       used 57663K, committed 57984K, reserved 1114112K
  class space    used 6365K, committed 6528K, reserved 1048576K
}
Event: 50.385 GC heap after
{Heap after GC invocations=28 (full 0):
 garbage-first heap   total 167936K, used 96839K [0x0000000704800000, 0x0000000800000000)
  region size 2048K, 1 young (2048K), 1 survivors (2048K)
 Metaspace       used 57663K, committed 57984K, reserved 1114112K
  class space    used 6365K, committed 6528K, reserved 1048576K
}
Event: 55.141 GC heap before
{Heap before GC invocations=28 (full 0):
 garbage-first heap   total 167936K, used 131655K [0x0000000704800000, 0x0000000800000000)
  region size 2048K, 18 young (36864K), 1 survivors (2048K)
 Metaspace       used 57986K, committed 58304K, reserved 1114112K
  class space    used 6389K, committed 6528K, reserved 1048576K
}
Event: 55.875 GC heap after
{Heap after GC invocations=29 (full 0):
 garbage-first heap   total 335872K, used 99609K [0x0000000704800000, 0x0000000800000000)
  region size 2048K, 2 young (4096K), 2 survivors (4096K)
 Metaspace       used 57986K, committed 58304K, reserved 1114112K
  class space    used 6389K, committed 6528K, reserved 1048576K
}
Event: 59.024 GC heap before
{Heap before GC invocations=29 (full 0):
 garbage-first heap   total 335872K, used 111897K [0x0000000704800000, 0x0000000800000000)
  region size 2048K, 8 young (16384K), 2 survivors (4096K)
 Metaspace       used 58105K, committed 58432K, reserved 1114112K
  class space    used 6396K, committed 6528K, reserved 1048576K
}
Event: 59.031 GC heap after
{Heap after GC invocations=30 (full 0):
 garbage-first heap   total 335872K, used 100829K [0x0000000704800000, 0x0000000800000000)
  region size 2048K, 1 young (2048K), 1 survivors (2048K)
 Metaspace       used 58105K, committed 58432K, reserved 1114112K
  class space    used 6396K, committed 6528K, reserved 1048576K
}
Event: 60.132 GC heap before
{Heap before GC invocations=30 (full 0):
 garbage-first heap   total 335872K, used 115165K [0x0000000704800000, 0x0000000800000000)
  region size 2048K, 8 young (16384K), 1 survivors (2048K)
 Metaspace       used 58183K, committed 58496K, reserved 1114112K
  class space    used 6407K, committed 6528K, reserved 1048576K
}
Event: 60.140 GC heap after
{Heap after GC invocations=31 (full 0):
 garbage-first heap   total 335872K, used 104130K [0x0000000704800000, 0x0000000800000000)
  region size 2048K, 1 young (2048K), 1 survivors (2048K)
 Metaspace       used 58183K, committed 58496K, reserved 1114112K
  class space    used 6407K, committed 6528K, reserved 1048576K
}

